
> ed-fi-tech@0.0.0 build
> docusaurus build

[WARNING] The `siteConfig.onBrokenMarkdownLinks` config option is deprecated and will be removed in Docusaurus v4.
Please migrate and move this option to `siteConfig.markdown.hooks.onBrokenMarkdownLinks` instead.
[INFO] [en] Creating an optimized production build...
[WARNING] The `siteConfig.onBrokenMarkdownLinks` config option is deprecated and will be removed in Docusaurus v4.
Please migrate and move this option to `siteConfig.markdown.hooks.onBrokenMarkdownLinks` instead.
[90m[[90mwebpackbar[90m][39m [36mΓä╣[39m Compiling Client
[90m[[90mwebpackbar[90m][39m [36mΓä╣[39m Compiling Server
[90m[[90mwebpackbar[90m][39m [32mΓ£ö[39m Server: Compiled successfully in 52.88s
[90m[[90mwebpackbar[90m][39m [32mΓ£ö[39m Client: Compiled successfully in 59.82s

[ERROR] Error: Unable to build website for locale en.
    at tryToBuildLocale (C:\Dev\local-ed-fi\ed-fi-alliance-oss.github.io\node_modules\@docusaurus\core\lib\commands\build\build.js:83:15)
    at async C:\Dev\local-ed-fi\ed-fi-alliance-oss.github.io\node_modules\@docusaurus\core\lib\commands\build\build.js:35:9
    at async mapAsyncSequential (C:\Dev\local-ed-fi\ed-fi-alliance-oss.github.io\node_modules\@docusaurus\utils\lib\jsUtils.js:21:24)
    at async Command.build (C:\Dev\local-ed-fi\ed-fi-alliance-oss.github.io\node_modules\@docusaurus\core\lib\commands\build\build.js:34:5)
    at async Promise.all (index 0)
    at async runCLI (C:\Dev\local-ed-fi\ed-fi-alliance-oss.github.io\node_modules\@docusaurus\core\lib\commands\cli.js:56:5)
    at async file:///C:/Dev/local-ed-fi/ed-fi-alliance-oss.github.io/node_modules/@docusaurus/core/bin/docusaurus.mjs:44:3 {
  [cause]: Error: Docusaurus found broken links!
  
  Please check the pages of your site in the list below, and make sure you don't reference any path that does not exist.
  Note: it's possible to ignore broken links with the 'onBrokenLinks' Docusaurus configuration, and let the build pass.
  
  It looks like some of the broken links we found appear in many pages of your site.
  Maybe those broken links appear on all pages through your site layout?
  We recommend that you check your theme configuration for such links (particularly, theme navbar and footer).
  Frequent broken links are linking to:
  - ../../securing-admin-api.md
  
  Exhaustive list of all broken links found:
  - Broken link on source page path = /blog/2025/12/05/:
     -> linking to /reference/admin-api/admin-api-2.x/
  - Broken link on source page path = /reference/ods-api/7.2/how-to-guides/multi-tenant-deployment-with-powershell:
     -> linking to /reference/admin-api/admin-api-2.x/technical-articles/multi-tenant-configuration-for-admin-api-2x
  - Broken link on source page path = /reference/ods-api/how-to-guides/multi-tenant-deployment-with-powershell:
     -> linking to /reference/admin-api/admin-api-2.x/technical-articles/multi-tenant-configuration-for-admin-api-2x
  - Broken link on source page path = /reference/admin-api/getting-started/admin-api-1.x/:
     -> linking to ../whats-new.md (resolved as: /reference/admin-api/getting-started/whats-new.md)
     -> linking to ../getting-started.md (resolved as: /reference/admin-api/getting-started/getting-started.md)
  - Broken link on source page path = /reference/admin-api/getting-started/admin-api-1.x/installation-for-odsapi-5x-6x/first-time-configuration-for-admin-api-1x:
     -> linking to ../../securing-admin-api.md (resolved as: /reference/admin-api/getting-started/securing-admin-api.md)
  - Broken link on source page path = /reference/admin-api/getting-started/admin-api-1.x/technical-articles/:
     -> linking to ../../securing-admin-api.md (resolved as: /reference/admin-api/getting-started/securing-admin-api.md)
  - Broken link on source page path = /reference/admin-api/getting-started/admin-api-1.x/technical-articles/quick-start-calling-admin-1x-api-using-python:
     -> linking to ../../securing-admin-api.md (resolved as: /reference/admin-api/getting-started/securing-admin-api.md)
  - Broken link on source page path = /reference/admin-api/getting-started/admin-api-2.2-older/:
     -> linking to ../whats-new.md (resolved as: /reference/admin-api/getting-started/whats-new.md)
     -> linking to ../getting-started.md (resolved as: /reference/admin-api/getting-started/getting-started.md)
     -> linking to ../admin-api-2.x/technical-articles (resolved as: /reference/admin-api/getting-started/admin-api-2.x/technical-articles)
  - Broken link on source page path = /reference/admin-api/getting-started/admin-api-2.2-older/installation-for-odsapi-7x/first-time-configuration-for-admin-api-2x:
     -> linking to ../../securing-admin-api.md (resolved as: /reference/admin-api/getting-started/securing-admin-api.md)
  - Broken link on source page path = /reference/admin-api/getting-started/admin-api-2.2-older/technical-articles/:
     -> linking to multiple-credentials-per-application.md (resolved as: /reference/admin-api/getting-started/admin-api-2.2-older/technical-articles/multiple-credentials-per-application.md)
     -> linking to ../../securing-admin-api.md (resolved as: /reference/admin-api/getting-started/securing-admin-api.md)
  - Broken link on source page path = /reference/admin-api/getting-started/admin-api-2.2-older/technical-articles/quick-start-calling-admin-api-2x-using-python:
     -> linking to ../../securing-admin-api.md (resolved as: /reference/admin-api/getting-started/securing-admin-api.md)
  - Broken link on source page path = /reference/admin-api/getting-started/admin-api-2.3-newer/:
     -> linking to /odsApi_versioned_docs/version-6.2/readme.md
  - Broken link on source page path = /reference/admin-api/getting-started/admin-api-2.3-newer/technical-articles/:
     -> linking to ../../securing-admin-api.md (resolved as: /reference/admin-api/getting-started/securing-admin-api.md)
  - Broken link on source page path = /reference/admin-api/getting-started/admin-api-2.3-newer/technical-articles/multiple-credentials-per-application:
     -> linking to ../../../ods-api/how-to-guides/how-to-configure-ods-instances (resolved as: /reference/admin-api/ods-api/how-to-guides/how-to-configure-ods-instances)
  - Broken link on source page path = /reference/admin-api/getting-started/admin-api-2.3-newer/technical-articles/quick-start-calling-admin-api-2x-using-python:
     -> linking to ../../securing-admin-api.md (resolved as: /reference/admin-api/getting-started/securing-admin-api.md)
  - Broken link on source page path = /reference/admin-api/securing-admin-api:
     -> linking to admin-api-1.x/technical-articles/endpoints-in-admin-api-1x.md (resolved as: /reference/admin-api/admin-api-1.x/technical-articles/endpoints-in-admin-api-1x.md)
     -> linking to admin-api-1.x/installation-for-odsapi-5x-6x/first-time-configuration-for-admin-api-1x.md (resolved as: /reference/admin-api/admin-api-1.x/installation-for-odsapi-5x-6x/first-time-configuration-for-admin-api-1x.md)
  
      at throwError (C:\Dev\local-ed-fi\ed-fi-alliance-oss.github.io\node_modules\@docusaurus\logger\lib\logger.js:80:11)
      at reportBrokenLinks (C:\Dev\local-ed-fi\ed-fi-alliance-oss.github.io\node_modules\@docusaurus\core\lib\server\brokenLinks.js:250:47)
      at handleBrokenLinks (C:\Dev\local-ed-fi\ed-fi-alliance-oss.github.io\node_modules\@docusaurus\core\lib\server\brokenLinks.js:282:5)
      at executeBrokenLinksCheck (C:\Dev\local-ed-fi\ed-fi-alliance-oss.github.io\node_modules\@docusaurus\core\lib\commands\build\buildLocale.js:119:47)
      at C:\Dev\local-ed-fi\ed-fi-alliance-oss.github.io\node_modules\@docusaurus\core\lib\commands\build\buildLocale.js:94:67
      at Object.async (C:\Dev\local-ed-fi\ed-fi-alliance-oss.github.io\node_modules\@docusaurus\logger\lib\perfLogger.js:42:47)
      at buildLocale (C:\Dev\local-ed-fi\ed-fi-alliance-oss.github.io\node_modules\@docusaurus\core\lib\commands\build\buildLocale.js:94:31)
      at async runBuildLocaleTask (C:\Dev\local-ed-fi\ed-fi-alliance-oss.github.io\node_modules\@docusaurus\core\lib\commands\build\build.js:98:5)
      at async C:\Dev\local-ed-fi\ed-fi-alliance-oss.github.io\node_modules\@docusaurus\core\lib\commands\build\build.js:79:13
      at async tryToBuildLocale (C:\Dev\local-ed-fi\ed-fi-alliance-oss.github.io\node_modules\@docusaurus\core\lib\commands\build\build.js:75:9)
}
[INFO] Docusaurus version: 3.9.2
Node version: v22.17.1
